[kbplacer_plugin_action.py:65]: Plugin version: 0.12
[kbplacer_plugin_action.py:66]: Python version: '3.13.2 (main, Feb  5 2025, 08:05:21) [GCC 14.2.1 20250128]'
[kbplacer_plugin_action.py:67]: KiCad version: 8.0.8 with 4.2.2 gtk3 (phoenix) wxWidgets 3.2.6
[kbplacer_dialog.py:585]: Language: en
[kbplacer_plugin_action.py:75]: GUI state: {"layout_path": "/home/joshb/Downloads/keyboard-layout.json", "key_distance": [19.05, 19.05], "key_info": {"annotation_format": "SW{}", "position_option": "Default", "position": {"x": 0.0, "y": 0.0, "orientation": 0.0, "side": "Front"}, "template_path": ""}, "enable_diode_placement": true, "route_switches_with_diodes": false, "optimize_diodes_orientation": false, "diode_info": {"annotation_format": "D{}", "position_option": "Custom", "position": {"x": 3.0, "y": 5.0, "orientation": 90.0, "side": "Back"}, "template_path": ""}, "additional_elements": [], "route_rows_and_columns": false, "template_path": "", "generate_outline": false, "outline_delta": 0.0}
[key_placer.py:361]: Set key 1U distance: 19050000/19050000
[key_placer.py:123]: Switches by nets: defaultdict(<class 'list'>, {frozenset({'ROW4', 'COL9'}): ['SW66'], frozenset({'ROW4', 'COL8'}): ['SW65'], frozenset({'ROW4', 'COL7'}): ['SW64'], frozenset({'ROW4', 'COL6'}): ['SW63'], frozenset({'ROW4', 'COL5'}): ['SW62'], frozenset({'ROW4', 'COL4'}): ['SW61'], frozenset({'ROW4', 'COL3'}): ['SW60'], frozenset({'ROW4', 'COL2'}): ['SW59'], frozenset({'ROW4', 'COL1'}): ['SW58'], frozenset({'ROW4', 'COL0'}): ['SW57'], frozenset({'COL12', 'ROW3'}): ['SW56'], frozenset({'ROW3', 'COL11'}): ['SW55'], frozenset({'COL10', 'ROW3'}): ['SW54'], frozenset({'COL9', 'ROW3'}): ['SW53'], frozenset({'COL8', 'ROW3'}): ['SW52'], frozenset({'COL7', 'ROW3'}): ['SW51'], frozenset({'ROW3', 'COL6'}): ['SW50'], frozenset({'COL5', 'ROW3'}): ['SW49'], frozenset({'COL4', 'ROW3'}): ['SW48'], frozenset({'COL3', 'ROW3'}): ['SW47'], frozenset({'COL2', 'ROW3'}): ['SW46'], frozenset({'COL1', 'ROW3'}): ['SW45'], frozenset({'COL0', 'ROW3'}): ['SW44'], frozenset({'COL12', 'ROW2'}): ['SW43'], frozenset({'ROW2', 'COL11'}): ['SW42'], frozenset({'COL10', 'ROW2'}): ['SW41'], frozenset({'ROW2', 'COL9'}): ['SW40'], frozenset({'ROW2', 'COL8'}): ['SW39'], frozenset({'ROW2', 'COL7'}): ['SW38'], frozenset({'ROW2', 'COL6'}): ['SW37'], frozenset({'ROW2', 'COL5'}): ['SW36'], frozenset({'ROW2', 'COL4'}): ['SW35'], frozenset({'COL3', 'ROW2'}): ['SW34'], frozenset({'ROW2', 'COL2'}): ['SW33'], frozenset({'ROW2', 'COL1'}): ['SW32'], frozenset({'COL0', 'ROW2'}): ['SW31'], frozenset({'COL14', 'ROW1'}): ['SW30'], frozenset({'COL13', 'ROW1'}): ['SW29'], frozenset({'COL12', 'ROW1'}): ['SW28'], frozenset({'COL11', 'ROW1'}): ['SW27'], frozenset({'COL10', 'ROW1'}): ['SW26'], frozenset({'COL9', 'ROW1'}): ['SW25'], frozenset({'COL8', 'ROW1'}): ['SW24'], frozenset({'COL7', 'ROW1'}): ['SW23'], frozenset({'COL6', 'ROW1'}): ['SW22'], frozenset({'COL5', 'ROW1'}): ['SW21'], frozenset({'COL4', 'ROW1'}): ['SW20'], frozenset({'COL3', 'ROW1'}): ['SW19'], frozenset({'COL2', 'ROW1'}): ['SW18'], frozenset({'COL1', 'ROW1'}): ['SW17'], frozenset({'COL0', 'ROW1'}): ['SW16'], frozenset({'ROW0', 'COL14'}): ['SW15'], frozenset({'ROW0', 'COL13'}): ['SW14'], frozenset({'COL12', 'ROW0'}): ['SW13'], frozenset({'ROW0', 'COL11'}): ['SW12'], frozenset({'COL10', 'ROW0'}): ['SW11'], frozenset({'COL9', 'ROW0'}): ['SW10'], frozenset({'COL8', 'ROW0'}): ['SW9'], frozenset({'ROW0', 'COL7'}): ['SW8'], frozenset({'ROW0', 'COL6'}): ['SW7'], frozenset({'ROW0', 'COL5'}): ['SW6'], frozenset({'ROW0', 'COL4'}): ['SW5'], frozenset({'COL3', 'ROW0'}): ['SW4'], frozenset({'COL2', 'ROW0'}): ['SW3'], frozenset({'ROW0', 'COL1'}): ['SW2'], frozenset({'COL0', 'ROW0'}): ['SW1']})
[key_placer.py:127]: Diodes by switch: {'SW66': ['D66'], 'SW65': ['D65'], 'SW64': ['D64'], 'SW63': ['D63'], 'SW62': ['D62'], 'SW61': ['D61'], 'SW60': ['D60'], 'SW59': ['D59'], 'SW58': ['D58'], 'SW57': ['D57'], 'SW56': ['D56'], 'SW55': ['D55'], 'SW54': ['D54'], 'SW53': ['D53'], 'SW52': ['D52'], 'SW51': ['D51'], 'SW50': ['D50'], 'SW49': ['D49'], 'SW48': ['D48'], 'SW47': ['D47'], 'SW46': ['D46'], 'SW45': ['D45'], 'SW44': ['D44'], 'SW43': ['D43'], 'SW42': ['D42'], 'SW41': ['D41'], 'SW40': ['D40'], 'SW39': ['D39'], 'SW38': ['D38'], 'SW37': ['D37'], 'SW36': ['D36'], 'SW35': ['D35'], 'SW34': ['D34'], 'SW33': ['D33'], 'SW32': ['D32'], 'SW31': ['D31'], 'SW30': ['D30'], 'SW29': ['D29'], 'SW28': ['D28'], 'SW27': ['D27'], 'SW26': ['D26'], 'SW25': ['D25'], 'SW24': ['D24'], 'SW23': ['D23'], 'SW22': ['D22'], 'SW21': ['D21'], 'SW20': ['D20'], 'SW19': ['D19'], 'SW18': ['D18'], 'SW17': ['D17'], 'SW16': ['D16'], 'SW15': ['D15'], 'SW14': ['D14'], 'SW13': ['D13'], 'SW12': ['D12'], 'SW11': ['D11'], 'SW10': ['D10'], 'SW9': ['D9'], 'SW8': ['D8'], 'SW7': ['D7'], 'SW6': ['D6'], 'SW5': ['D5'], 'SW4': ['D4'], 'SW3': ['D3'], 'SW1': ['D2'], 'SW2': ['D1']}
[kle_serial.py:897]: User layout: [['~\n`', '!\n1', '@\n2', '#\n3', '$\n4', '%\n5', '^\n6', '&\n7', '*\n8', '(\n9', ')\n0', '_\n-', '+\n=', {'w': 2}, 'Backspace', {'x': 0.5}, 'Insert'], [{'w': 1.5}, 'Tab', 'Q', 'W', 'E', 'R', 'T', 'Y', 'U', 'I', 'O', 'P', '{\n[', '}\n]', {'w': 1.5}, '|\n\\', {'x': 0.5}, 'Delete'], [{'w': 1.75}, 'Caps Lock', 'A', 'S', 'D', 'F', 'G', 'H', 'J', 'K', 'L', ':\n;', '"\n\'', {'w': 2.25}, 'Enter'], [{'w': 2.25}, 'Shift', 'Z', 'X', 'C', 'V', 'B', 'N', 'M', '<\n,', '>\n.', '?\n/', {'w': 2.25}, 'Shift', '↑'], [{'w': 1.25}, 'Ctrl', 'Win', {'w': 1.25}, 'Alt', {'a': 7, 'w': 6.25}, '', {'a': 4, 'w': 1.25}, 'Alt', {'w': 1.25}, 'Ctrl', {'w': 1.25}, 'Menu', '←', '↓', '→']]
[key_placer.py:661]: Layout offset: (28575000, 28575000)
[board_modifier.py:85]: Setting SW1 footprint position: (38100000, 38100000)
[board_modifier.py:85]: Setting SW2 footprint position: (57150000, 38100000)
[board_modifier.py:85]: Setting SW3 footprint position: (76200000, 38100000)
[board_modifier.py:85]: Setting SW4 footprint position: (95250000, 38100000)
[board_modifier.py:85]: Setting SW5 footprint position: (114300000, 38100000)
[board_modifier.py:85]: Setting SW6 footprint position: (133350000, 38100000)
[board_modifier.py:85]: Setting SW7 footprint position: (152400000, 38100000)
[board_modifier.py:85]: Setting SW8 footprint position: (171450000, 38100000)
[board_modifier.py:85]: Setting SW9 footprint position: (190500000, 38100000)
[board_modifier.py:85]: Setting SW10 footprint position: (209550000, 38100000)
[board_modifier.py:85]: Setting SW11 footprint position: (228600000, 38100000)
[board_modifier.py:85]: Setting SW12 footprint position: (247650000, 38100000)
[board_modifier.py:85]: Setting SW13 footprint position: (266700000, 38100000)
[board_modifier.py:85]: Setting SW14 footprint position: (295275000, 38100000)
[board_modifier.py:85]: Setting SW15 footprint position: (333375000, 38100000)
[board_modifier.py:85]: Setting SW16 footprint position: (42862500, 57150000)
[board_modifier.py:85]: Setting SW17 footprint position: (66675000, 57150000)
[board_modifier.py:85]: Setting SW18 footprint position: (85725000, 57150000)
[board_modifier.py:85]: Setting SW19 footprint position: (104775000, 57150000)
[board_modifier.py:85]: Setting SW20 footprint position: (123825000, 57150000)
[board_modifier.py:85]: Setting SW21 footprint position: (142875000, 57150000)
[board_modifier.py:85]: Setting SW22 footprint position: (161925000, 57150000)
[board_modifier.py:85]: Setting SW23 footprint position: (180975000, 57150000)
[board_modifier.py:85]: Setting SW24 footprint position: (200025000, 57150000)
[board_modifier.py:85]: Setting SW25 footprint position: (219075000, 57150000)
[board_modifier.py:85]: Setting SW26 footprint position: (238125000, 57150000)
[board_modifier.py:85]: Setting SW27 footprint position: (257175000, 57150000)
[board_modifier.py:85]: Setting SW28 footprint position: (276225000, 57150000)
[board_modifier.py:85]: Setting SW29 footprint position: (300037500, 57150000)
[board_modifier.py:85]: Setting SW30 footprint position: (333375000, 57150000)
[board_modifier.py:85]: Setting SW31 footprint position: (45243750, 76200000)
[board_modifier.py:85]: Setting SW32 footprint position: (71437500, 76200000)
[board_modifier.py:85]: Setting SW33 footprint position: (90487500, 76200000)
[board_modifier.py:85]: Setting SW34 footprint position: (109537500, 76200000)
[board_modifier.py:85]: Setting SW35 footprint position: (128587500, 76200000)
[board_modifier.py:85]: Setting SW36 footprint position: (147637500, 76200000)
[board_modifier.py:85]: Setting SW37 footprint position: (166687500, 76200000)
[board_modifier.py:85]: Setting SW38 footprint position: (185737500, 76200000)
[board_modifier.py:85]: Setting SW39 footprint position: (204787500, 76200000)
[board_modifier.py:85]: Setting SW40 footprint position: (223837500, 76200000)
[board_modifier.py:85]: Setting SW41 footprint position: (242887500, 76200000)
[board_modifier.py:85]: Setting SW42 footprint position: (261937500, 76200000)
[board_modifier.py:85]: Setting SW43 footprint position: (292893750, 76200000)
[board_modifier.py:85]: Setting SW44 footprint position: (50006250, 95250000)
[board_modifier.py:85]: Setting SW45 footprint position: (80962500, 95250000)
[board_modifier.py:85]: Setting SW46 footprint position: (100012500, 95250000)
[board_modifier.py:85]: Setting SW47 footprint position: (119062500, 95250000)
[board_modifier.py:85]: Setting SW48 footprint position: (138112500, 95250000)
[board_modifier.py:85]: Setting SW49 footprint position: (157162500, 95250000)
[board_modifier.py:85]: Setting SW50 footprint position: (176212500, 95250000)
[board_modifier.py:85]: Setting SW51 footprint position: (195262500, 95250000)
[board_modifier.py:85]: Setting SW52 footprint position: (214312500, 95250000)
[board_modifier.py:85]: Setting SW53 footprint position: (233362500, 95250000)
[board_modifier.py:85]: Setting SW54 footprint position: (252412500, 95250000)
[board_modifier.py:85]: Setting SW55 footprint position: (283368750, 95250000)
[board_modifier.py:85]: Setting SW56 footprint position: (314325000, 95250000)
[board_modifier.py:85]: Setting SW57 footprint position: (40481250, 114300000)
[board_modifier.py:85]: Setting SW58 footprint position: (61912500, 114300000)
[board_modifier.py:85]: Setting SW59 footprint position: (83343750, 114300000)
[board_modifier.py:85]: Setting SW60 footprint position: (154781250, 114300000)
[board_modifier.py:85]: Setting SW61 footprint position: (226218750, 114300000)
[board_modifier.py:85]: Setting SW62 footprint position: (250031250, 114300000)
[board_modifier.py:85]: Setting SW63 footprint position: (273843750, 114300000)
[board_modifier.py:85]: Setting SW64 footprint position: (295275000, 114300000)
[board_modifier.py:85]: Setting SW65 footprint position: (314325000, 114300000)
[board_modifier.py:85]: Setting SW66 footprint position: (333375000, 114300000)
[key_placer.py:996]: Diode info: [ElementInfo(annotation_format='D{}', position_option=<PositionOption.CUSTOM: 'Custom'>, position=ElementPosition(x=3.0, y=5.0, orientation=90.0, side=<Side.BACK: 'Back'>), template_path='')]
[board_modifier.py:98]: Getting SW1 footprint position: (38100000, 38100000)
[board_modifier.py:85]: Setting D2 footprint position: (41100000, 43100000)
[board_modifier.py:98]: Getting SW2 footprint position: (57150000, 38100000)
[board_modifier.py:85]: Setting D1 footprint position: (60150000, 43100000)
[board_modifier.py:98]: Getting SW3 footprint position: (76200000, 38100000)
[board_modifier.py:85]: Setting D3 footprint position: (79200000, 43100000)
[board_modifier.py:98]: Getting SW4 footprint position: (95250000, 38100000)
[board_modifier.py:85]: Setting D4 footprint position: (98250000, 43100000)
[board_modifier.py:98]: Getting SW5 footprint position: (114300000, 38100000)
[board_modifier.py:85]: Setting D5 footprint position: (117300000, 43100000)
[board_modifier.py:98]: Getting SW6 footprint position: (133350000, 38100000)
[board_modifier.py:85]: Setting D6 footprint position: (136350000, 43100000)
[board_modifier.py:98]: Getting SW7 footprint position: (152400000, 38100000)
[board_modifier.py:85]: Setting D7 footprint position: (155400000, 43100000)
[board_modifier.py:98]: Getting SW8 footprint position: (171450000, 38100000)
[board_modifier.py:85]: Setting D8 footprint position: (174450000, 43100000)
[board_modifier.py:98]: Getting SW9 footprint position: (190500000, 38100000)
[board_modifier.py:85]: Setting D9 footprint position: (193500000, 43100000)
[board_modifier.py:98]: Getting SW10 footprint position: (209550000, 38100000)
[board_modifier.py:85]: Setting D10 footprint position: (212550000, 43100000)
[board_modifier.py:98]: Getting SW11 footprint position: (228600000, 38100000)
[board_modifier.py:85]: Setting D11 footprint position: (231600000, 43100000)
[board_modifier.py:98]: Getting SW12 footprint position: (247650000, 38100000)
[board_modifier.py:85]: Setting D12 footprint position: (250650000, 43100000)
[board_modifier.py:98]: Getting SW13 footprint position: (266700000, 38100000)
[board_modifier.py:85]: Setting D13 footprint position: (269700000, 43100000)
[board_modifier.py:98]: Getting SW14 footprint position: (295275000, 38100000)
[board_modifier.py:85]: Setting D14 footprint position: (298275000, 43100000)
[board_modifier.py:98]: Getting SW15 footprint position: (333375000, 38100000)
[board_modifier.py:85]: Setting D15 footprint position: (336375000, 43100000)
[board_modifier.py:98]: Getting SW16 footprint position: (42862500, 57150000)
[board_modifier.py:85]: Setting D16 footprint position: (45862500, 62150000)
[board_modifier.py:98]: Getting SW17 footprint position: (66675000, 57150000)
[board_modifier.py:85]: Setting D17 footprint position: (69675000, 62150000)
[board_modifier.py:98]: Getting SW18 footprint position: (85725000, 57150000)
[board_modifier.py:85]: Setting D18 footprint position: (88725000, 62150000)
[board_modifier.py:98]: Getting SW19 footprint position: (104775000, 57150000)
[board_modifier.py:85]: Setting D19 footprint position: (107775000, 62150000)
[board_modifier.py:98]: Getting SW20 footprint position: (123825000, 57150000)
[board_modifier.py:85]: Setting D20 footprint position: (126825000, 62150000)
[board_modifier.py:98]: Getting SW21 footprint position: (142875000, 57150000)
[board_modifier.py:85]: Setting D21 footprint position: (145875000, 62150000)
[board_modifier.py:98]: Getting SW22 footprint position: (161925000, 57150000)
[board_modifier.py:85]: Setting D22 footprint position: (164925000, 62150000)
[board_modifier.py:98]: Getting SW23 footprint position: (180975000, 57150000)
[board_modifier.py:85]: Setting D23 footprint position: (183975000, 62150000)
[board_modifier.py:98]: Getting SW24 footprint position: (200025000, 57150000)
[board_modifier.py:85]: Setting D24 footprint position: (203025000, 62150000)
[board_modifier.py:98]: Getting SW25 footprint position: (219075000, 57150000)
[board_modifier.py:85]: Setting D25 footprint position: (222075000, 62150000)
[board_modifier.py:98]: Getting SW26 footprint position: (238125000, 57150000)
[board_modifier.py:85]: Setting D26 footprint position: (241125000, 62150000)
[board_modifier.py:98]: Getting SW27 footprint position: (257175000, 57150000)
[board_modifier.py:85]: Setting D27 footprint position: (260175000, 62150000)
[board_modifier.py:98]: Getting SW28 footprint position: (276225000, 57150000)
[board_modifier.py:85]: Setting D28 footprint position: (279225000, 62150000)
[board_modifier.py:98]: Getting SW29 footprint position: (300037500, 57150000)
[board_modifier.py:85]: Setting D29 footprint position: (303037500, 62150000)
[board_modifier.py:98]: Getting SW30 footprint position: (333375000, 57150000)
[board_modifier.py:85]: Setting D30 footprint position: (336375000, 62150000)
[board_modifier.py:98]: Getting SW31 footprint position: (45243750, 76200000)
[board_modifier.py:85]: Setting D31 footprint position: (48243750, 81200000)
[board_modifier.py:98]: Getting SW32 footprint position: (71437500, 76200000)
[board_modifier.py:85]: Setting D32 footprint position: (74437500, 81200000)
[board_modifier.py:98]: Getting SW33 footprint position: (90487500, 76200000)
[board_modifier.py:85]: Setting D33 footprint position: (93487500, 81200000)
[board_modifier.py:98]: Getting SW34 footprint position: (109537500, 76200000)
[board_modifier.py:85]: Setting D34 footprint position: (112537500, 81200000)
[board_modifier.py:98]: Getting SW35 footprint position: (128587500, 76200000)
[board_modifier.py:85]: Setting D35 footprint position: (131587500, 81200000)
[board_modifier.py:98]: Getting SW36 footprint position: (147637500, 76200000)
[board_modifier.py:85]: Setting D36 footprint position: (150637500, 81200000)
[board_modifier.py:98]: Getting SW37 footprint position: (166687500, 76200000)
[board_modifier.py:85]: Setting D37 footprint position: (169687500, 81200000)
[board_modifier.py:98]: Getting SW38 footprint position: (185737500, 76200000)
[board_modifier.py:85]: Setting D38 footprint position: (188737500, 81200000)
[board_modifier.py:98]: Getting SW39 footprint position: (204787500, 76200000)
[board_modifier.py:85]: Setting D39 footprint position: (207787500, 81200000)
[board_modifier.py:98]: Getting SW40 footprint position: (223837500, 76200000)
[board_modifier.py:85]: Setting D40 footprint position: (226837500, 81200000)
[board_modifier.py:98]: Getting SW41 footprint position: (242887500, 76200000)
[board_modifier.py:85]: Setting D41 footprint position: (245887500, 81200000)
[board_modifier.py:98]: Getting SW42 footprint position: (261937500, 76200000)
[board_modifier.py:85]: Setting D42 footprint position: (264937500, 81200000)
[board_modifier.py:98]: Getting SW43 footprint position: (292893750, 76200000)
[board_modifier.py:85]: Setting D43 footprint position: (295893750, 81200000)
[board_modifier.py:98]: Getting SW44 footprint position: (50006250, 95250000)
[board_modifier.py:85]: Setting D44 footprint position: (53006250, 100250000)
[board_modifier.py:98]: Getting SW45 footprint position: (80962500, 95250000)
[board_modifier.py:85]: Setting D45 footprint position: (83962500, 100250000)
[board_modifier.py:98]: Getting SW46 footprint position: (100012500, 95250000)
[board_modifier.py:85]: Setting D46 footprint position: (103012500, 100250000)
[board_modifier.py:98]: Getting SW47 footprint position: (119062500, 95250000)
[board_modifier.py:85]: Setting D47 footprint position: (122062500, 100250000)
[board_modifier.py:98]: Getting SW48 footprint position: (138112500, 95250000)
[board_modifier.py:85]: Setting D48 footprint position: (141112500, 100250000)
[board_modifier.py:98]: Getting SW49 footprint position: (157162500, 95250000)
[board_modifier.py:85]: Setting D49 footprint position: (160162500, 100250000)
[board_modifier.py:98]: Getting SW50 footprint position: (176212500, 95250000)
[board_modifier.py:85]: Setting D50 footprint position: (179212500, 100250000)
[board_modifier.py:98]: Getting SW51 footprint position: (195262500, 95250000)
[board_modifier.py:85]: Setting D51 footprint position: (198262500, 100250000)
[board_modifier.py:98]: Getting SW52 footprint position: (214312500, 95250000)
[board_modifier.py:85]: Setting D52 footprint position: (217312500, 100250000)
[board_modifier.py:98]: Getting SW53 footprint position: (233362500, 95250000)
[board_modifier.py:85]: Setting D53 footprint position: (236362500, 100250000)
[board_modifier.py:98]: Getting SW54 footprint position: (252412500, 95250000)
[board_modifier.py:85]: Setting D54 footprint position: (255412500, 100250000)
[board_modifier.py:98]: Getting SW55 footprint position: (283368750, 95250000)
[board_modifier.py:85]: Setting D55 footprint position: (286368750, 100250000)
[board_modifier.py:98]: Getting SW56 footprint position: (314325000, 95250000)
[board_modifier.py:85]: Setting D56 footprint position: (317325000, 100250000)
[board_modifier.py:98]: Getting SW57 footprint position: (40481250, 114300000)
[board_modifier.py:85]: Setting D57 footprint position: (43481250, 119300000)
[board_modifier.py:98]: Getting SW58 footprint position: (61912500, 114300000)
[board_modifier.py:85]: Setting D58 footprint position: (64912500, 119300000)
[board_modifier.py:98]: Getting SW59 footprint position: (83343750, 114300000)
[board_modifier.py:85]: Setting D59 footprint position: (86343750, 119300000)
[board_modifier.py:98]: Getting SW60 footprint position: (154781250, 114300000)
[board_modifier.py:85]: Setting D60 footprint position: (157781250, 119300000)
[board_modifier.py:98]: Getting SW61 footprint position: (226218750, 114300000)
[board_modifier.py:85]: Setting D61 footprint position: (229218750, 119300000)
[board_modifier.py:98]: Getting SW62 footprint position: (250031250, 114300000)
[board_modifier.py:85]: Setting D62 footprint position: (253031250, 119300000)
[board_modifier.py:98]: Getting SW63 footprint position: (273843750, 114300000)
[board_modifier.py:85]: Setting D63 footprint position: (276843750, 119300000)
[board_modifier.py:98]: Getting SW64 footprint position: (295275000, 114300000)
[board_modifier.py:85]: Setting D64 footprint position: (298275000, 119300000)
[board_modifier.py:98]: Getting SW65 footprint position: (314325000, 114300000)
[board_modifier.py:85]: Setting D65 footprint position: (317325000, 119300000)
[board_modifier.py:98]: Getting SW66 footprint position: (333375000, 114300000)
[board_modifier.py:85]: Setting D66 footprint position: (336375000, 119300000)
